[09:40:58] [main/INFO]: Setting user: Player857
[09:41:00] [Client thread/INFO]: LWJGL Version: 2.9.1
[09:41:01] [Client thread/ERROR]: Couldn't initialize twitch stream
[09:41:09] [Client thread/INFO]: Reloading ResourceManager: Default, FMLFileResourcePack:Forge Mod Loader, FMLFileResourcePack:Minecraft Forge, FMLFileResourcePack:MineDuino
[09:41:11] [Sound Library Loader/INFO]: Sound engine started
[09:41:12] [Client thread/INFO]: Created: 512x256 textures/blocks-atlas
[09:41:12] [Client thread/INFO]: Created: 256x256 textures/items-atlas
[09:41:12] [Client thread/INFO]: Reloading ResourceManager: Default, FMLFileResourcePack:Forge Mod Loader, FMLFileResourcePack:Minecraft Forge, FMLFileResourcePack:MineDuino
[09:41:13] [Client thread/INFO]: Created: 256x256 textures/items-atlas
[09:41:13] [Client thread/ERROR]: Using missing texture, unable to load mineduino:textures/blocks/analogOut.png
java.io.FileNotFoundException: mineduino:textures/blocks/analogOut.png
	at net.minecraft.client.resources.FallbackResourceManager.getResource(FallbackResourceManager.java:65) ~[FallbackResourceManager.class:?]
	at net.minecraft.client.resources.SimpleReloadableResourceManager.getResource(SimpleReloadableResourceManager.java:67) ~[SimpleReloadableResourceManager.class:?]
	at net.minecraft.client.renderer.texture.TextureMap.loadTextureAtlas(TextureMap.java:126) [TextureMap.class:?]
	at net.minecraft.client.renderer.texture.TextureMap.loadTexture(TextureMap.java:91) [TextureMap.class:?]
	at net.minecraft.client.renderer.texture.TextureManager.loadTexture(TextureManager.java:89) [TextureManager.class:?]
	at net.minecraft.client.renderer.texture.TextureManager.onResourceManagerReload(TextureManager.java:170) [TextureManager.class:?]
	at net.minecraft.client.resources.SimpleReloadableResourceManager.notifyReloadListeners(SimpleReloadableResourceManager.java:134) [SimpleReloadableResourceManager.class:?]
	at net.minecraft.client.resources.SimpleReloadableResourceManager.reloadResources(SimpleReloadableResourceManager.java:118) [SimpleReloadableResourceManager.class:?]
	at net.minecraft.client.Minecraft.refreshResources(Minecraft.java:643) [Minecraft.class:?]
	at cpw.mods.fml.client.FMLClientHandler.finishMinecraftLoading(FMLClientHandler.java:303) [FMLClientHandler.class:?]
	at net.minecraft.client.Minecraft.startGame(Minecraft.java:586) [Minecraft.class:?]
	at net.minecraft.client.Minecraft.run(Minecraft.java:931) [Minecraft.class:?]
	at net.minecraft.client.main.Main.main(Main.java:164) [Main.class:?]
	at sun.reflect.NativeMethodAccessorImpl.invoke0(Native Method) ~[?:1.7.0_72]
	at sun.reflect.NativeMethodAccessorImpl.invoke(NativeMethodAccessorImpl.java:57) ~[?:1.7.0_72]
	at sun.reflect.DelegatingMethodAccessorImpl.invoke(DelegatingMethodAccessorImpl.java:43) ~[?:1.7.0_72]
	at java.lang.reflect.Method.invoke(Method.java:606) ~[?:1.7.0_72]
	at net.minecraft.launchwrapper.Launch.launch(Launch.java:135) [launchwrapper-1.11.jar:?]
	at net.minecraft.launchwrapper.Launch.main(Launch.java:28) [launchwrapper-1.11.jar:?]
	at net.minecraftforge.gradle.GradleStartCommon.launch(GradleStartCommon.java:78) [start/:?]
	at GradleStart.main(GradleStart.java:45) [start/:?]
[09:41:13] [Client thread/INFO]: Created: 512x256 textures/blocks-atlas
[09:41:14] [Sound Library Loader/INFO]: Sound engine started
[09:41:19] [Server thread/INFO]: Starting integrated minecraft server version 1.7.10
[09:41:19] [Server thread/INFO]: Generating keypair
[09:41:20] [Server thread/INFO]: Preparing start region for level 0
[09:41:21] [Server thread/INFO]: Preparing spawn area: 52%
[09:41:22] [Server thread/INFO]: Changing view distance to 12, from 10
[09:41:23] [Server thread/INFO]: Player857[local:E:a66e4202] logged in with entity id 146 at (-283.0279751917667, 5.0, 473.30000001192093)
[09:41:23] [Server thread/INFO]: Player857 joined the game
[09:41:28] [Server thread/INFO]: Saving and pausing game...
[09:41:28] [Server thread/INFO]: Saving chunks for level 'MineDuino - test'/Overworld
[09:41:29] [Server thread/INFO]: Saving chunks for level 'MineDuino - test'/Nether
[09:41:29] [Server thread/INFO]: Saving chunks for level 'MineDuino - test'/The End
[09:41:29] [Server thread/WARN]: Can't keep up! Did the system time change, or is the server overloaded? Running 3674ms behind, skipping 73 tick(s)
[09:42:23] [Server thread/INFO]: Saving and pausing game...
[09:42:23] [Server thread/INFO]: Saving chunks for level 'MineDuino - test'/Overworld
[09:42:23] [Server thread/INFO]: Saving chunks for level 'MineDuino - test'/Nether
[09:42:23] [Server thread/INFO]: Saving chunks for level 'MineDuino - test'/The End
[09:42:41] [Server thread/INFO]: Player857 has just earned the achievement [Taking Inventory]
[09:42:41] [Client thread/INFO]: [CHAT] Player857 has just earned the achievement [Taking Inventory]
[09:42:48] [Server thread/INFO]: Saving and pausing game...
[09:42:48] [Server thread/INFO]: Saving chunks for level 'MineDuino - test'/Overworld
[09:42:48] [Server thread/INFO]: Saving chunks for level 'MineDuino - test'/Nether
[09:42:48] [Server thread/INFO]: Saving chunks for level 'MineDuino - test'/The End
[09:42:59] [Server thread/INFO]: Saving and pausing game...
[09:42:59] [Server thread/INFO]: Saving chunks for level 'MineDuino - test'/Overworld
[09:43:00] [Server thread/INFO]: Saving chunks for level 'MineDuino - test'/Nether
[09:43:00] [Server thread/INFO]: Saving chunks for level 'MineDuino - test'/The End
[09:43:01] [Server thread/INFO]: Stopping server
[09:43:01] [Server thread/INFO]: Saving players
[09:43:01] [Server thread/INFO]: Saving worlds
[09:43:01] [Server thread/INFO]: Saving chunks for level 'MineDuino - test'/Overworld
[09:43:01] [Server thread/INFO]: Saving chunks for level 'MineDuino - test'/Nether
[09:43:01] [Server thread/INFO]: Saving chunks for level 'MineDuino - test'/The End
[09:43:02] [Client thread/INFO]: Stopping!
